<?xml version="1.0" encoding="UTF-8"?>
<testng-results skipped="0" failed="0" ignored="0" total="1" passed="1">
  <reporter-output>
  </reporter-output>
  <suite name="Default suite" duration-ms="71" started-at="2017-07-12T10:47:13Z" finished-at="2017-07-12T10:47:13Z">
    <groups>
    </groups>
    <test name="Default test" duration-ms="71" started-at="2017-07-12T10:47:13Z" finished-at="2017-07-12T10:47:13Z">
      <class name="com.javacodegeeks.testng.maven.TestNgMavenExample">
        <test-method status="PASS" signature="exampleOfTestNgMaven()[pri:0, instance:com.javacodegeeks.testng.maven.TestNgMavenExample@3532ec19]" name="exampleOfTestNgMaven" duration-ms="24" started-at="2017-07-12T13:47:13Z" finished-at="2017-07-12T13:47:13Z">
          <reporter-output>
          </reporter-output>
        </test-method> <!-- exampleOfTestNgMaven -->
      </class> <!-- com.javacodegeeks.testng.maven.TestNgMavenExample -->
    </test> <!-- Default test -->
  </suite> <!-- Default suite -->
</testng-results>
